<?xml version="1.0" encoding="UTF-8"?>
<!-- Generated by org.testng.reporters.JUnitXMLReporter -->
<testsuite hostname="DESKTOP-RLOH39C" name="CustomerAndProductTests" tests="4" failures="0" timestamp="28 Dec 2017 13:28:18 GMT" time="40.404" errors="0">
  <testcase name="createNewUser" time="3.115" classname="testCases.UserCreationProductCreationAndSearches"/>
  <testcase name="customerSearchWithFilters" time="2.458" classname="testCases.UserCreationProductCreationAndSearches"/>
  <testcase name="createNewProduct" time="1.725" classname="testCases.UserCreationProductCreationAndSearches"/>
  <testcase name="searchFeaturedProduct" time="3.635" classname="testCases.UserCreationProductCreationAndSearches"/>
</testsuite> <!-- CustomerAndProductTests -->
