<?xml version="1.0" encoding="UTF-8"?>
<!-- Generated by org.testng.reporters.JUnitXMLReporter -->
<testsuite hostname="DESKTOP-RLOH39C" name="Default test" tests="2" failures="0" timestamp="27 Dec 2017 03:53:28 GMT" time="10.494" errors="0">
  <testcase name="createNewUser" time="3.261" classname="testCases.UserCreationAndSearchTests"/>
  <testcase name="customerSearchWithFilters" time="0.0" classname="testCases.UserCreationAndSearchTests">
    <skipped/>
  </testcase> <!-- customerSearchWithFilters -->
</testsuite> <!-- Default test -->
